<?xml version="1.0" encoding="UTF-8"?>
<testsuite xmlns:xsi="http://www.w3.org/2001/XMLSchema-instance" xsi:noNamespaceSchemaLocation="https://maven.apache.org/surefire/maven-surefire-plugin/xsd/surefire-test-report-3.0.xsd" version="3.0" name="bank.RunCucumberTest" time="4.189" tests="11" errors="0" skipped="0" failures="0">
  <properties>
[...]
</properties>
  <testcase name="Example #1.1" classname="Examples" time="0.157">
    <system-out><![CDATA[
@balance_check @deposit @example @ex1
Scenario Outline: Checking Account Balance after Deposit &amp#27;[90m# bank/bank.feature:15&amp#27;[0m
  &amp#27;[32mGiven &amp#27;[0m&amp#27;[32mmy checking account has a balance of $&amp#27;[0m&amp#27;[32m&amp#27;[1m500&amp#27;[0m        &amp#27;[90m# bank.StepDefinitions.myCheckingAccountHasABalanceOf$(int)&amp#27;[0m
  &amp#27;[32mAnd &amp#27;[0m&amp#27;[32mI have recently made a deposit of $&amp#27;[0m&amp#27;[32m&amp#27;[1m100&amp#27;[0m             &amp#27;[90m# bank.StepDefinitions.iHaveRecentlyMadeADepositOf$(int)&amp#27;[0m
  &amp#27;[32mWhen &amp#27;[0m&amp#27;[32mI check my account balance&amp#27;[0m                        &amp#27;[90m# bank.StepDefinitions.iCheckMyAccountBalance()&amp#27;[0m
  &amp#27;[32mThen &amp#27;[0m&amp#27;[32mI should see $&amp#27;[0m&amp#27;[32m&amp#27;[1m600&amp#27;[0m&amp#27;[32m as the balance&amp#27;[0m                  &amp#27;[90m# bank.StepDefinitions.iShouldSee$AsTheBalance(int)&amp#27;[0m
  &amp#27;[32mBut &amp#27;[0m&amp#27;[32mthere is an overdraft fee of $&amp#27;[0m&amp#27;[32m&amp#27;[1m50&amp#27;[0m                   &amp#27;[90m# bank.StepDefinitions.thereIsAnOverdraftFeeOf$(int)&amp#27;[0m
  &amp#27;[32mAnd &amp#27;[0m&amp#27;[32mthe available balance should be $&amp#27;[0m&amp#27;[32m&amp#27;[1m550&amp#27;[0m               &amp#27;[90m# bank.StepDefinitions.theAvailableBalanceShouldBe$(int)&amp#27;[0m
]]></system-out>
  </testcase>
  <testcase name="Example #1.2" classname="Examples" time="0.043">
    <system-out><![CDATA[
@balance_check @deposit @example @ex1
Scenario Outline: Checking Account Balance after Deposit &amp#27;[90m# bank/bank.feature:16&amp#27;[0m
  &amp#27;[32mGiven &amp#27;[0m&amp#27;[32mmy checking account has a balance of $&amp#27;[0m&amp#27;[32m&amp#27;[1m5000&amp#27;[0m       &amp#27;[90m# bank.StepDefinitions.myCheckingAccountHasABalanceOf$(int)&amp#27;[0m
  &amp#27;[32mAnd &amp#27;[0m&amp#27;[32mI have recently made a deposit of $&amp#27;[0m&amp#27;[32m&amp#27;[1m1000&amp#27;[0m            &amp#27;[90m# bank.StepDefinitions.iHaveRecentlyMadeADepositOf$(int)&amp#27;[0m
  &amp#27;[32mWhen &amp#27;[0m&amp#27;[32mI check my account balance&amp#27;[0m                        &amp#27;[90m# bank.StepDefinitions.iCheckMyAccountBalance()&amp#27;[0m
  &amp#27;[32mThen &amp#27;[0m&amp#27;[32mI should see $&amp#27;[0m&amp#27;[32m&amp#27;[1m6000&amp#27;[0m&amp#27;[32m as the balance&amp#27;[0m                 &amp#27;[90m# bank.StepDefinitions.iShouldSee$AsTheBalance(int)&amp#27;[0m
  &amp#27;[32mBut &amp#27;[0m&amp#27;[32mthere is an overdraft fee of $&amp#27;[0m&amp#27;[32m&amp#27;[1m500&amp#27;[0m                  &amp#27;[90m# bank.StepDefinitions.thereIsAnOverdraftFeeOf$(int)&amp#27;[0m
  &amp#27;[32mAnd &amp#27;[0m&amp#27;[32mthe available balance should be $&amp#27;[0m&amp#27;[32m&amp#27;[1m5500&amp#27;[0m              &amp#27;[90m# bank.StepDefinitions.theAvailableBalanceShouldBe$(int)&amp#27;[0m
]]></system-out>
  </testcase>
  <testcase name="Example #1.3" classname="Examples" time="0.029">
    <system-out><![CDATA[
@balance_check @deposit @example @ex1
Scenario Outline: Checking Account Balance after Deposit &amp#27;[90m# bank/bank.feature:17&amp#27;[0m
  &amp#27;[32mGiven &amp#27;[0m&amp#27;[32mmy checking account has a balance of $&amp#27;[0m&amp#27;[32m&amp#27;[1m500&amp#27;[0m        &amp#27;[90m# bank.StepDefinitions.myCheckingAccountHasABalanceOf$(int)&amp#27;[0m
  &amp#27;[32mAnd &amp#27;[0m&amp#27;[32mI have recently made a deposit of $&amp#27;[0m&amp#27;[32m&amp#27;[1m100&amp#27;[0m             &amp#27;[90m# bank.StepDefinitions.iHaveRecentlyMadeADepositOf$(int)&amp#27;[0m
  &amp#27;[32mWhen &amp#27;[0m&amp#27;[32mI check my account balance&amp#27;[0m                        &amp#27;[90m# bank.StepDefinitions.iCheckMyAccountBalance()&amp#27;[0m
  &amp#27;[32mThen &amp#27;[0m&amp#27;[32mI should see $&amp#27;[0m&amp#27;[32m&amp#27;[1m600&amp#27;[0m&amp#27;[32m as the balance&amp#27;[0m                  &amp#27;[90m# bank.StepDefinitions.iShouldSee$AsTheBalance(int)&amp#27;[0m
  &amp#27;[32mBut &amp#27;[0m&amp#27;[32mthere is an overdraft fee of $&amp#27;[0m&amp#27;[32m&amp#27;[1m50&amp#27;[0m                   &amp#27;[90m# bank.StepDefinitions.thereIsAnOverdraftFeeOf$(int)&amp#27;[0m
  &amp#27;[32mAnd &amp#27;[0m&amp#27;[32mthe available balance should be $&amp#27;[0m&amp#27;[32m&amp#27;[1m550&amp#27;[0m               &amp#27;[90m# bank.StepDefinitions.theAvailableBalanceShouldBe$(int)&amp#27;[0m
]]></system-out>
  </testcase>
  <testcase name="Example #1.4" classname="Examples" time="0.022">
    <system-out><![CDATA[
@balance_check @deposit @example @ex1
Scenario Outline: Checking Account Balance after Deposit &amp#27;[90m# bank/bank.feature:18&amp#27;[0m
  &amp#27;[32mGiven &amp#27;[0m&amp#27;[32mmy checking account has a balance of $&amp#27;[0m&amp#27;[32m&amp#27;[1m500&amp#27;[0m        &amp#27;[90m# bank.StepDefinitions.myCheckingAccountHasABalanceOf$(int)&amp#27;[0m
  &amp#27;[32mAnd &amp#27;[0m&amp#27;[32mI have recently made a deposit of $&amp#27;[0m&amp#27;[32m&amp#27;[1m100&amp#27;[0m             &amp#27;[90m# bank.StepDefinitions.iHaveRecentlyMadeADepositOf$(int)&amp#27;[0m
  &amp#27;[32mWhen &amp#27;[0m&amp#27;[32mI check my account balance&amp#27;[0m                        &amp#27;[90m# bank.StepDefinitions.iCheckMyAccountBalance()&amp#27;[0m
  &amp#27;[32mThen &amp#27;[0m&amp#27;[32mI should see $&amp#27;[0m&amp#27;[32m&amp#27;[1m600&amp#27;[0m&amp#27;[32m as the balance&amp#27;[0m                  &amp#27;[90m# bank.StepDefinitions.iShouldSee$AsTheBalance(int)&amp#27;[0m
  &amp#27;[32mBut &amp#27;[0m&amp#27;[32mthere is an overdraft fee of $&amp#27;[0m&amp#27;[32m&amp#27;[1m50&amp#27;[0m                   &amp#27;[90m# bank.StepDefinitions.thereIsAnOverdraftFeeOf$(int)&amp#27;[0m
  &amp#27;[32mAnd &amp#27;[0m&amp#27;[32mthe available balance should be $&amp#27;[0m&amp#27;[32m&amp#27;[1m550&amp#27;[0m               &amp#27;[90m# bank.StepDefinitions.theAvailableBalanceShouldBe$(int)&amp#27;[0m
]]></system-out>
  </testcase>
  <testcase name="Example #2.1" classname="Examples" time="0.029">
    <system-out><![CDATA[
@balance_check @deposit @example @ex2
Scenario Outline: Checking Account Balance after Deposit &amp#27;[90m# bank/bank.feature:23&amp#27;[0m
  &amp#27;[32mGiven &amp#27;[0m&amp#27;[32mmy checking account has a balance of $&amp#27;[0m&amp#27;[32m&amp#27;[1m500&amp#27;[0m        &amp#27;[90m# bank.StepDefinitions.myCheckingAccountHasABalanceOf$(int)&amp#27;[0m
  &amp#27;[32mAnd &amp#27;[0m&amp#27;[32mI have recently made a deposit of $&amp#27;[0m&amp#27;[32m&amp#27;[1m100&amp#27;[0m             &amp#27;[90m# bank.StepDefinitions.iHaveRecentlyMadeADepositOf$(int)&amp#27;[0m
  &amp#27;[32mWhen &amp#27;[0m&amp#27;[32mI check my account balance&amp#27;[0m                        &amp#27;[90m# bank.StepDefinitions.iCheckMyAccountBalance()&amp#27;[0m
  &amp#27;[32mThen &amp#27;[0m&amp#27;[32mI should see $&amp#27;[0m&amp#27;[32m&amp#27;[1m600&amp#27;[0m&amp#27;[32m as the balance&amp#27;[0m                  &amp#27;[90m# bank.StepDefinitions.iShouldSee$AsTheBalance(int)&amp#27;[0m
  &amp#27;[32mBut &amp#27;[0m&amp#27;[32mthere is an overdraft fee of $&amp#27;[0m&amp#27;[32m&amp#27;[1m50&amp#27;[0m                   &amp#27;[90m# bank.StepDefinitions.thereIsAnOverdraftFeeOf$(int)&amp#27;[0m
  &amp#27;[32mAnd &amp#27;[0m&amp#27;[32mthe available balance should be $&amp#27;[0m&amp#27;[32m&amp#27;[1m550&amp#27;[0m               &amp#27;[90m# bank.StepDefinitions.theAvailableBalanceShouldBe$(int)&amp#27;[0m
]]></system-out>
  </testcase>
  <testcase name="Example #2.2" classname="Examples" time="0.02">
    <system-out><![CDATA[
@balance_check @deposit @example @ex2
Scenario Outline: Checking Account Balance after Deposit &amp#27;[90m# bank/bank.feature:24&amp#27;[0m
  &amp#27;[32mGiven &amp#27;[0m&amp#27;[32mmy checking account has a balance of $&amp#27;[0m&amp#27;[32m&amp#27;[1m5000&amp#27;[0m       &amp#27;[90m# bank.StepDefinitions.myCheckingAccountHasABalanceOf$(int)&amp#27;[0m
  &amp#27;[32mAnd &amp#27;[0m&amp#27;[32mI have recently made a deposit of $&amp#27;[0m&amp#27;[32m&amp#27;[1m1000&amp#27;[0m            &amp#27;[90m# bank.StepDefinitions.iHaveRecentlyMadeADepositOf$(int)&amp#27;[0m
  &amp#27;[32mWhen &amp#27;[0m&amp#27;[32mI check my account balance&amp#27;[0m                        &amp#27;[90m# bank.StepDefinitions.iCheckMyAccountBalance()&amp#27;[0m
  &amp#27;[32mThen &amp#27;[0m&amp#27;[32mI should see $&amp#27;[0m&amp#27;[32m&amp#27;[1m6000&amp#27;[0m&amp#27;[32m as the balance&amp#27;[0m                 &amp#27;[90m# bank.StepDefinitions.iShouldSee$AsTheBalance(int)&amp#27;[0m
  &amp#27;[32mBut &amp#27;[0m&amp#27;[32mthere is an overdraft fee of $&amp#27;[0m&amp#27;[32m&amp#27;[1m500&amp#27;[0m                  &amp#27;[90m# bank.StepDefinitions.thereIsAnOverdraftFeeOf$(int)&amp#27;[0m
  &amp#27;[32mAnd &amp#27;[0m&amp#27;[32mthe available balance should be $&amp#27;[0m&amp#27;[32m&amp#27;[1m5500&amp#27;[0m              &amp#27;[90m# bank.StepDefinitions.theAvailableBalanceShouldBe$(int)&amp#27;[0m
]]></system-out>
  </testcase>
  <testcase name="Example #2.3" classname="Examples" time="0.026">
    <system-out><![CDATA[
@balance_check @deposit @example @ex2
Scenario Outline: Checking Account Balance after Deposit &amp#27;[90m# bank/bank.feature:25&amp#27;[0m
  &amp#27;[32mGiven &amp#27;[0m&amp#27;[32mmy checking account has a balance of $&amp#27;[0m&amp#27;[32m&amp#27;[1m500&amp#27;[0m        &amp#27;[90m# bank.StepDefinitions.myCheckingAccountHasABalanceOf$(int)&amp#27;[0m
  &amp#27;[32mAnd &amp#27;[0m&amp#27;[32mI have recently made a deposit of $&amp#27;[0m&amp#27;[32m&amp#27;[1m100&amp#27;[0m             &amp#27;[90m# bank.StepDefinitions.iHaveRecentlyMadeADepositOf$(int)&amp#27;[0m
  &amp#27;[32mWhen &amp#27;[0m&amp#27;[32mI check my account balance&amp#27;[0m                        &amp#27;[90m# bank.StepDefinitions.iCheckMyAccountBalance()&amp#27;[0m
  &amp#27;[32mThen &amp#27;[0m&amp#27;[32mI should see $&amp#27;[0m&amp#27;[32m&amp#27;[1m600&amp#27;[0m&amp#27;[32m as the balance&amp#27;[0m                  &amp#27;[90m# bank.StepDefinitions.iShouldSee$AsTheBalance(int)&amp#27;[0m
  &amp#27;[32mBut &amp#27;[0m&amp#27;[32mthere is an overdraft fee of $&amp#27;[0m&amp#27;[32m&amp#27;[1m50&amp#27;[0m                   &amp#27;[90m# bank.StepDefinitions.thereIsAnOverdraftFeeOf$(int)&amp#27;[0m
  &amp#27;[32mAnd &amp#27;[0m&amp#27;[32mthe available balance should be $&amp#27;[0m&amp#27;[32m&amp#27;[1m550&amp#27;[0m               &amp#27;[90m# bank.StepDefinitions.theAvailableBalanceShouldBe$(int)&amp#27;[0m
]]></system-out>
  </testcase>
  <testcase name="Example #2.4" classname="Examples" time="0.023">
    <system-out><![CDATA[
@balance_check @deposit @example @ex2
Scenario Outline: Checking Account Balance after Deposit &amp#27;[90m# bank/bank.feature:26&amp#27;[0m
  &amp#27;[32mGiven &amp#27;[0m&amp#27;[32mmy checking account has a balance of $&amp#27;[0m&amp#27;[32m&amp#27;[1m500&amp#27;[0m        &amp#27;[90m# bank.StepDefinitions.myCheckingAccountHasABalanceOf$(int)&amp#27;[0m
  &amp#27;[32mAnd &amp#27;[0m&amp#27;[32mI have recently made a deposit of $&amp#27;[0m&amp#27;[32m&amp#27;[1m100&amp#27;[0m             &amp#27;[90m# bank.StepDefinitions.iHaveRecentlyMadeADepositOf$(int)&amp#27;[0m
  &amp#27;[32mWhen &amp#27;[0m&amp#27;[32mI check my account balance&amp#27;[0m                        &amp#27;[90m# bank.StepDefinitions.iCheckMyAccountBalance()&amp#27;[0m
  &amp#27;[32mThen &amp#27;[0m&amp#27;[32mI should see $&amp#27;[0m&amp#27;[32m&amp#27;[1m600&amp#27;[0m&amp#27;[32m as the balance&amp#27;[0m                  &amp#27;[90m# bank.StepDefinitions.iShouldSee$AsTheBalance(int)&amp#27;[0m
  &amp#27;[32mBut &amp#27;[0m&amp#27;[32mthere is an overdraft fee of $&amp#27;[0m&amp#27;[32m&amp#27;[1m50&amp#27;[0m                   &amp#27;[90m# bank.StepDefinitions.thereIsAnOverdraftFeeOf$(int)&amp#27;[0m
  &amp#27;[32mAnd &amp#27;[0m&amp#27;[32mthe available balance should be $&amp#27;[0m&amp#27;[32m&amp#27;[1m550&amp#27;[0m               &amp#27;[90m# bank.StepDefinitions.theAvailableBalanceShouldBe$(int)&amp#27;[0m
]]></system-out>
  </testcase>
  <testcase name="Checking Account Balance after Deposit CSV" classname="Bank Check Balance Special" time="0.024">
    <system-out><![CDATA[
@balance_check @csv
Scenario: Checking Account Balance after Deposit CSV                                                                                             &amp#27;[90m# bank/bank.feature:29&amp#27;[0m
  &amp#27;[32mGiven &amp#27;[0m&amp#27;[32mI have the following account details from CSV file &amp#27;[0m&amp#27;[32m&amp#27;[1m"C:\Users\617404611\OneDrive - BT Plc\Desktop\My Learnings\Gherkin\bank\testData.csv"&amp#27;[0m &amp#27;[90m# bank.StepDefinitions.iHaveTheFollowingAccountDetailsFromCSVFile(java.lang.String)&amp#27;[0m
]]></system-out>
  </testcase>
  <testcase name="Checking Account Balance after Withdrawal" classname="Bank Check Balance Special" time="0.004">
    <system-out><![CDATA[
@balance_check @withdrawal
Scenario: Checking Account Balance after Withdrawal &amp#27;[90m# bank/bank.feature:33&amp#27;[0m
  &amp#27;[32mGiven &amp#27;[0m&amp#27;[32mmy checking account has a balance of $&amp#27;[0m&amp#27;[32m&amp#27;[1m500&amp#27;[0m   &amp#27;[90m# bank.StepDefinitions.myCheckingAccountHasABalanceOf$(int)&amp#27;[0m
  &amp#27;[32mAnd &amp#27;[0m&amp#27;[32mI have recently made a withdrawal of $&amp#27;[0m&amp#27;[32m&amp#27;[1m100&amp#27;[0m     &amp#27;[90m# bank.StepDefinitions.iHaveRecentlyMadeAWithdrawalOf$(int)&amp#27;[0m
  &amp#27;[32mWhen &amp#27;[0m&amp#27;[32mI check my account balance&amp#27;[0m                   &amp#27;[90m# bank.StepDefinitions.iCheckMyAccountBalance()&amp#27;[0m
  &amp#27;[32mThen &amp#27;[0m&amp#27;[32mI should see $&amp#27;[0m&amp#27;[32m&amp#27;[1m400&amp#27;[0m&amp#27;[32m as the balance&amp#27;[0m             &amp#27;[90m# bank.StepDefinitions.iShouldSee$AsTheBalance(int)&amp#27;[0m
  &amp#27;[32mBut &amp#27;[0m&amp#27;[32mthere is a credit interest of $&amp#27;[0m&amp#27;[32m&amp#27;[1m50&amp#27;[0m             &amp#27;[90m# bank.StepDefinitions.thereIsACreditInterestOf$(int)&amp#27;[0m
  &amp#27;[32mAnd &amp#27;[0m&amp#27;[32mthe available balance should be $&amp#27;[0m&amp#27;[32m&amp#27;[1m450&amp#27;[0m          &amp#27;[90m# bank.StepDefinitions.theAvailableBalanceShouldBe$(int)&amp#27;[0m
]]></system-out>
  </testcase>
  <testcase name="Checking Account Balance after Withdrawal In-Sufficient Balance" classname="Bank Check Balance Special" time="0.02">
    <system-out><![CDATA[
@balance_check
Scenario: Checking Account Balance after Withdrawal In-Sufficient Balance &amp#27;[90m# bank/bank.feature:41&amp#27;[0m
  &amp#27;[32mGiven &amp#27;[0m&amp#27;[32mmy checking account has a balance of $&amp#27;[0m&amp#27;[32m&amp#27;[1m500&amp#27;[0m                         &amp#27;[90m# bank.StepDefinitions.myCheckingAccountHasABalanceOf$(int)&amp#27;[0m
  &amp#27;[32mWhen &amp#27;[0m&amp#27;[32mI request to withdraw $&amp#27;[0m&amp#27;[32m&amp#27;[1m700&amp#27;[0m                                         &amp#27;[90m# bank.StepDefinitions.iRequestToWithdraw$(int)&amp#27;[0m
>> Error: Withdrawal not allowed due to insufficient funds. <<
  &amp#27;[32mThen &amp#27;[0m&amp#27;[32mI should see an Error&amp#27;[0m                                              &amp#27;[90m# bank.StepDefinitions.iShouldSeeAnError()&amp#27;[0m
  &amp#27;[32mAnd &amp#27;[0m&amp#27;[32mthe available balance should be $&amp#27;[0m&amp#27;[32m&amp#27;[1m500&amp#27;[0m                                &amp#27;[90m# bank.StepDefinitions.theAvailableBalanceShouldBe$(int)&amp#27;[0m
]]></system-out>
  </testcase>
</testsuite>